2018-04-18 21:53:40.785  INFO 7836 --- [main] com.didispace.Application                : No active profile set, falling back to default profiles: default
2018-04-18 21:53:40.793  INFO 7836 --- [main] ationConfigEmbeddedWebApplicationContext : Refreshing org.springframework.boot.context.embedded.AnnotationConfigEmbeddedWebApplicationContext@3adcc812: startup date [Wed Apr 18 21:53:40 CST 2018]; parent: org.springframework.context.annotation.AnnotationConfigApplicationContext@e056f20
2018-04-18 21:53:41.318  INFO 7836 --- [main] o.s.cloud.context.scope.GenericScope     : BeanFactory id=6bac0507-68ea-36b6-adfc-3d5a14810ad1
2018-04-18 21:53:41.328  INFO 7836 --- [main] f.a.AutowiredAnnotationBeanPostProcessor : JSR-330 'javax.inject.Inject' annotation found and supported for autowiring
2018-04-18 21:53:41.378  INFO 7836 --- [main] trationDelegate$BeanPostProcessorChecker : Bean 'org.springframework.cloud.autoconfigure.ConfigurationPropertiesRebinderAutoConfiguration' of type [org.springframework.cloud.autoconfigure.ConfigurationPropertiesRebinderAutoConfiguration$$EnhancerBySpringCGLIB$$f6895c8e] is not eligible for getting processed by all BeanPostProcessors (for example: not eligible for auto-proxying)
2018-04-18 21:53:41.618  INFO 7836 --- [main] s.b.c.e.t.TomcatEmbeddedServletContainer : Tomcat initialized with port(s): 2001 (http)
2018-04-18 21:53:41.618  INFO 7836 --- [main] o.apache.catalina.core.StandardService   : Starting service [Tomcat]
2018-04-18 21:53:41.628  INFO 7836 --- [main] org.apache.catalina.core.StandardEngine  : Starting Servlet Engine: Apache Tomcat/8.5.15
2018-04-18 21:53:41.768  INFO 7836 --- [localhost-startStop-1] o.a.c.c.C.[Tomcat].[localhost].[/]       : Initializing Spring embedded WebApplicationContext
2018-04-18 21:53:41.768  INFO 7836 --- [localhost-startStop-1] o.s.web.context.ContextLoader            : Root WebApplicationContext: initialization completed in 975 ms
2018-04-18 21:53:41.907  INFO 7836 --- [localhost-startStop-1] o.s.b.w.servlet.ServletRegistrationBean  : Mapping servlet: 'dispatcherServlet' to [/]
2018-04-18 21:53:41.907  INFO 7836 --- [localhost-startStop-1] o.s.b.w.servlet.FilterRegistrationBean   : Mapping filter: 'characterEncodingFilter' to: [/*]
2018-04-18 21:53:41.907  INFO 7836 --- [localhost-startStop-1] o.s.b.w.servlet.FilterRegistrationBean   : Mapping filter: 'hiddenHttpMethodFilter' to: [/*]
2018-04-18 21:53:41.907  INFO 7836 --- [localhost-startStop-1] o.s.b.w.servlet.FilterRegistrationBean   : Mapping filter: 'httpPutFormContentFilter' to: [/*]
2018-04-18 21:53:41.907  INFO 7836 --- [localhost-startStop-1] o.s.b.w.servlet.FilterRegistrationBean   : Mapping filter: 'requestContextFilter' to: [/*]
2018-04-18 21:53:42.357  INFO 7836 --- [main] s.w.s.m.m.a.RequestMappingHandlerAdapter : Looking for @ControllerAdvice: org.springframework.boot.context.embedded.AnnotationConfigEmbeddedWebApplicationContext@3adcc812: startup date [Wed Apr 18 21:53:40 CST 2018]; parent: org.springframework.context.annotation.AnnotationConfigApplicationContext@e056f20
2018-04-18 21:53:42.397  INFO 7836 --- [main] s.w.s.m.m.a.RequestMappingHandlerMapping : Mapped "{[/dc],methods=[GET]}" onto public java.lang.String com.didispace.DcController.dc()
2018-04-18 21:53:42.407  INFO 7836 --- [main] s.w.s.m.m.a.RequestMappingHandlerMapping : Mapped "{[/error]}" onto public org.springframework.http.ResponseEntity<java.util.Map<java.lang.String, java.lang.Object>> org.springframework.boot.autoconfigure.web.BasicErrorController.error(javax.servlet.http.HttpServletRequest)
2018-04-18 21:53:42.407  INFO 7836 --- [main] s.w.s.m.m.a.RequestMappingHandlerMapping : Mapped "{[/error],produces=[text/html]}" onto public org.springframework.web.servlet.ModelAndView org.springframework.boot.autoconfigure.web.BasicErrorController.errorHtml(javax.servlet.http.HttpServletRequest,javax.servlet.http.HttpServletResponse)
2018-04-18 21:53:42.427  INFO 7836 --- [main] o.s.w.s.handler.SimpleUrlHandlerMapping  : Mapped URL path [/webjars/**] onto handler of type [class org.springframework.web.servlet.resource.ResourceHttpRequestHandler]
2018-04-18 21:53:42.427  INFO 7836 --- [main] o.s.w.s.handler.SimpleUrlHandlerMapping  : Mapped URL path [/**] onto handler of type [class org.springframework.web.servlet.resource.ResourceHttpRequestHandler]
2018-04-18 21:53:42.457  INFO 7836 --- [main] o.s.w.s.handler.SimpleUrlHandlerMapping  : Mapped URL path [/**/favicon.ico] onto handler of type [class org.springframework.web.servlet.resource.ResourceHttpRequestHandler]
2018-04-18 21:53:42.677  WARN 7836 --- [main] c.n.c.sources.URLConfigurationSource     : No URLs will be polled as dynamic configuration sources.
2018-04-18 21:53:42.677  INFO 7836 --- [main] c.n.c.sources.URLConfigurationSource     : To enable URLs as dynamic configuration sources, define System property archaius.configurationSource.additionalUrls or make config.properties available on classpath.
2018-04-18 21:53:42.687  WARN 7836 --- [main] c.n.c.sources.URLConfigurationSource     : No URLs will be polled as dynamic configuration sources.
2018-04-18 21:53:42.687  INFO 7836 --- [main] c.n.c.sources.URLConfigurationSource     : To enable URLs as dynamic configuration sources, define System property archaius.configurationSource.additionalUrls or make config.properties available on classpath.
2018-04-18 21:53:42.727  INFO 7836 --- [main] o.s.j.e.a.AnnotationMBeanExporter        : Registering beans for JMX exposure on startup
2018-04-18 21:53:42.737  INFO 7836 --- [main] o.s.j.e.a.AnnotationMBeanExporter        : Bean with name 'environmentManager' has been autodetected for JMX exposure
2018-04-18 21:53:42.737  INFO 7836 --- [main] o.s.j.e.a.AnnotationMBeanExporter        : Bean with name 'configurationPropertiesRebinder' has been autodetected for JMX exposure
2018-04-18 21:53:42.737  INFO 7836 --- [main] o.s.j.e.a.AnnotationMBeanExporter        : Bean with name 'refreshScope' has been autodetected for JMX exposure
2018-04-18 21:53:42.737  INFO 7836 --- [main] o.s.j.e.a.AnnotationMBeanExporter        : Located managed bean 'environmentManager': registering with JMX server as MBean [org.springframework.cloud.context.environment:name=environmentManager,type=EnvironmentManager]
2018-04-18 21:53:42.747  INFO 7836 --- [main] o.s.j.e.a.AnnotationMBeanExporter        : Located managed bean 'refreshScope': registering with JMX server as MBean [org.springframework.cloud.context.scope.refresh:name=refreshScope,type=RefreshScope]
2018-04-18 21:53:42.757  INFO 7836 --- [main] o.s.j.e.a.AnnotationMBeanExporter        : Located managed bean 'configurationPropertiesRebinder': registering with JMX server as MBean [org.springframework.cloud.context.properties:name=configurationPropertiesRebinder,context=3adcc812,type=ConfigurationPropertiesRebinder]
2018-04-18 21:53:42.837  INFO 7836 --- [main] o.s.c.support.DefaultLifecycleProcessor  : Starting beans in phase 0
2018-04-18 21:53:42.837  INFO 7836 --- [main] o.s.c.n.eureka.InstanceInfoFactory       : Setting initial instance status as: STARTING
2018-04-18 21:53:42.867  INFO 7836 --- [main] com.netflix.discovery.DiscoveryClient    : Initializing Eureka in region us-east-1
2018-04-18 21:53:43.125  INFO 7836 --- [main] c.n.d.provider.DiscoveryJerseyProvider   : Using JSON encoding codec LegacyJacksonJson
2018-04-18 21:53:43.125  INFO 7836 --- [main] c.n.d.provider.DiscoveryJerseyProvider   : Using JSON decoding codec LegacyJacksonJson
2018-04-18 21:53:43.191  INFO 7836 --- [main] c.n.d.provider.DiscoveryJerseyProvider   : Using XML encoding codec XStreamXml
2018-04-18 21:53:43.191  INFO 7836 --- [main] c.n.d.provider.DiscoveryJerseyProvider   : Using XML decoding codec XStreamXml
2018-04-18 21:53:43.353  INFO 7836 --- [main] c.n.d.s.r.aws.ConfigClusterResolver      : Resolving eureka endpoints via configuration
2018-04-18 21:53:43.427  INFO 7836 --- [main] com.netflix.discovery.DiscoveryClient    : Disable delta property : false
2018-04-18 21:53:43.427  INFO 7836 --- [main] com.netflix.discovery.DiscoveryClient    : Single vip registry refresh property : null
2018-04-18 21:53:43.427  INFO 7836 --- [main] com.netflix.discovery.DiscoveryClient    : Force full registry fetch : false
2018-04-18 21:53:43.427  INFO 7836 --- [main] com.netflix.discovery.DiscoveryClient    : Application is null : false
2018-04-18 21:53:43.427  INFO 7836 --- [main] com.netflix.discovery.DiscoveryClient    : Registered Applications size is zero : true
2018-04-18 21:53:43.427  INFO 7836 --- [main] com.netflix.discovery.DiscoveryClient    : Application version is -1: true
2018-04-18 21:53:43.427  INFO 7836 --- [main] com.netflix.discovery.DiscoveryClient    : Getting all instance registry info from the eureka server
2018-04-18 21:53:43.752  INFO 7836 --- [main] com.netflix.discovery.DiscoveryClient    : The response status is 200
2018-04-18 21:53:43.752  INFO 7836 --- [main] com.netflix.discovery.DiscoveryClient    : Starting heartbeat executor: renew interval is: 30
2018-04-18 21:53:43.757  INFO 7836 --- [main] c.n.discovery.InstanceInfoReplicator     : InstanceInfoReplicator onDemand update allowed rate per min is 4
2018-04-18 21:53:43.759  INFO 7836 --- [main] com.netflix.discovery.DiscoveryClient    : Discovery Client initialized at timestamp 1524059623759 with initial instances count: 0
2018-04-18 21:53:43.774  INFO 7836 --- [main] o.s.c.n.e.s.EurekaServiceRegistry        : Registering application eureka-client with eureka with status UP
2018-04-18 21:53:43.774  INFO 7836 --- [main] com.netflix.discovery.DiscoveryClient    : Saw local status change event StatusChangeEvent [timestamp=1524059623774, current=UP, previous=STARTING]
2018-04-18 21:53:43.774  INFO 7836 --- [DiscoveryClient-InstanceInfoReplicator-0] com.netflix.discovery.DiscoveryClient    : DiscoveryClient_EUREKA-CLIENT/DESKTOP-EL2NSIU:eureka-client:2001: registering service...
2018-04-18 21:53:43.826  INFO 7836 --- [main] s.b.c.e.t.TomcatEmbeddedServletContainer : Tomcat started on port(s): 2001 (http)
2018-04-18 21:53:43.826  INFO 7836 --- [main] .s.c.n.e.s.EurekaAutoServiceRegistration : Updating port to 2001
2018-04-18 21:53:43.830  INFO 7836 --- [main] com.didispace.Application                : Started Application in 4.148 seconds (JVM running for 5.031)
2018-04-18 21:53:43.870  INFO 7836 --- [DiscoveryClient-InstanceInfoReplicator-0] com.netflix.discovery.DiscoveryClient    : DiscoveryClient_EUREKA-CLIENT/DESKTOP-EL2NSIU:eureka-client:2001 - registration status: 204
2018-04-18 21:54:13.758  INFO 7836 --- [DiscoveryClient-CacheRefreshExecutor-0] com.netflix.discovery.DiscoveryClient    : Disable delta property : false
2018-04-18 21:54:13.758  INFO 7836 --- [DiscoveryClient-CacheRefreshExecutor-0] com.netflix.discovery.DiscoveryClient    : Single vip registry refresh property : null
2018-04-18 21:54:13.758  INFO 7836 --- [DiscoveryClient-CacheRefreshExecutor-0] com.netflix.discovery.DiscoveryClient    : Force full registry fetch : false
2018-04-18 21:54:13.758  INFO 7836 --- [DiscoveryClient-CacheRefreshExecutor-0] com.netflix.discovery.DiscoveryClient    : Application is null : false
2018-04-18 21:54:13.758  INFO 7836 --- [DiscoveryClient-CacheRefreshExecutor-0] com.netflix.discovery.DiscoveryClient    : Registered Applications size is zero : true
2018-04-18 21:54:13.768  INFO 7836 --- [DiscoveryClient-CacheRefreshExecutor-0] com.netflix.discovery.DiscoveryClient    : Application version is -1: false
2018-04-18 21:54:13.768  INFO 7836 --- [DiscoveryClient-CacheRefreshExecutor-0] com.netflix.discovery.DiscoveryClient    : Getting all instance registry info from the eureka server
2018-04-18 21:54:13.818  INFO 7836 --- [DiscoveryClient-CacheRefreshExecutor-0] com.netflix.discovery.DiscoveryClient    : The response status is 200
2018-04-18 21:58:43.433  INFO 7836 --- [AsyncResolver-bootstrap-executor-0] c.n.d.s.r.aws.ConfigClusterResolver      : Resolving eureka endpoints via configuration
2018-04-18 21:59:03.559  INFO 7836 --- [http-nio-2001-exec-2] o.a.c.c.C.[Tomcat].[localhost].[/]       : Initializing Spring FrameworkServlet 'dispatcherServlet'
2018-04-18 21:59:03.560  INFO 7836 --- [http-nio-2001-exec-2] o.s.web.servlet.DispatcherServlet        : FrameworkServlet 'dispatcherServlet': initialization started
2018-04-18 21:59:03.581  INFO 7836 --- [http-nio-2001-exec-2] o.s.web.servlet.DispatcherServlet        : FrameworkServlet 'dispatcherServlet': initialization completed in 20 ms
2018-04-18 22:03:43.436  INFO 7836 --- [AsyncResolver-bootstrap-executor-0] c.n.d.s.r.aws.ConfigClusterResolver      : Resolving eureka endpoints via configuration
2018-04-18 22:08:43.442  INFO 7836 --- [AsyncResolver-bootstrap-executor-0] c.n.d.s.r.aws.ConfigClusterResolver      : Resolving eureka endpoints via configuration
2018-04-18 22:13:43.453  INFO 7836 --- [AsyncResolver-bootstrap-executor-0] c.n.d.s.r.aws.ConfigClusterResolver      : Resolving eureka endpoints via configuration
2018-04-18 22:18:43.465  INFO 7836 --- [AsyncResolver-bootstrap-executor-0] c.n.d.s.r.aws.ConfigClusterResolver      : Resolving eureka endpoints via configuration
2018-04-18 22:23:43.471  INFO 7836 --- [AsyncResolver-bootstrap-executor-0] c.n.d.s.r.aws.ConfigClusterResolver      : Resolving eureka endpoints via configuration
